Started GET "/" for 127.0.0.1 at 2017-10-15 16:16:41 -0700
Processing by Rails::WelcomeController#index as HTML
  Rendering /home/filip/.rbenv/versions/2.4.1/lib/ruby/gems/2.4.0/gems/railties-5.1.4/lib/rails/templates/rails/welcome/index.html.erb
  Rendered /home/filip/.rbenv/versions/2.4.1/lib/ruby/gems/2.4.0/gems/railties-5.1.4/lib/rails/templates/rails/welcome/index.html.erb (2.3ms)
Completed 200 OK in 129ms (Views: 14.8ms)


Started GET "/" for 127.0.0.1 at 2017-10-15 16:26:00 -0700
Processing by Rails::WelcomeController#index as HTML
  Rendering /home/filip/.rbenv/versions/2.4.2/lib/ruby/gems/2.4.0/gems/railties-5.1.4/lib/rails/templates/rails/welcome/index.html.erb
  Rendered /home/filip/.rbenv/versions/2.4.2/lib/ruby/gems/2.4.0/gems/railties-5.1.4/lib/rails/templates/rails/welcome/index.html.erb (2.5ms)
Completed 200 OK in 153ms (Views: 6.9ms)


Started GET "/" for 127.0.0.1 at 2017-10-15 16:35:30 -0700
Processing by Rails::WelcomeController#index as HTML
  Rendering /home/filip/.rbenv/versions/2.4.2/lib/ruby/gems/2.4.0/gems/railties-5.1.4/lib/rails/templates/rails/welcome/index.html.erb
  Rendered /home/filip/.rbenv/versions/2.4.2/lib/ruby/gems/2.4.0/gems/railties-5.1.4/lib/rails/templates/rails/welcome/index.html.erb (1.8ms)
Completed 200 OK in 168ms (Views: 13.1ms)


Started GET "/" for 127.0.0.1 at 2017-10-15 16:43:59 -0700
Processing by Rails::WelcomeController#index as HTML
  Rendering /home/filip/.rbenv/versions/2.4.2/lib/ruby/gems/2.4.0/gems/railties-5.1.4/lib/rails/templates/rails/welcome/index.html.erb
  Rendered /home/filip/.rbenv/versions/2.4.2/lib/ruby/gems/2.4.0/gems/railties-5.1.4/lib/rails/templates/rails/welcome/index.html.erb (3.0ms)
Completed 200 OK in 140ms (Views: 8.1ms)


Started GET "/" for 127.0.0.1 at 2017-10-15 16:47:16 -0700
Processing by WelcomeController#index as HTML
  Rendering welcome/index.html.erb within layouts/application
  Rendered welcome/index.html.erb within layouts/application (1.0ms)
Completed 200 OK in 671ms (Views: 531.2ms)


Started GET "/" for 127.0.0.1 at 2017-10-15 16:49:22 -0700
Processing by WelcomeController#index as HTML
  Rendering welcome/index.html.erb within layouts/application
  Rendered welcome/index.html.erb within layouts/application (1.2ms)
Completed 200 OK in 261ms (Views: 115.8ms)


Started GET "/" for 127.0.0.1 at 2017-10-15 16:54:36 -0700
Processing by HomePageController#index as HTML
  Rendering home_page/index.html.erb within layouts/application
  Rendered home_page/index.html.erb within layouts/application (1.3ms)
Completed 200 OK in 296ms (Views: 153.8ms)


Started GET "/" for 127.0.0.1 at 2017-10-15 17:02:14 -0700
Processing by HomePageController#index as HTML
  Rendering home_page/index.html.erb within layouts/application
  Rendered home_page/index.html.erb within layouts/application (0.5ms)
Completed 200 OK in 254ms (Views: 109.1ms)


Started GET "/" for 127.0.0.1 at 2017-10-15 17:02:48 -0700
Processing by HomePageController#index as HTML
  Rendering home_page/index.html.erb within layouts/application
  Rendered home_page/index.html.erb within layouts/application (1.1ms)
Completed 200 OK in 259ms (Views: 107.7ms)


Started GET "/" for 127.0.0.1 at 2017-10-15 17:43:34 -0700
Processing by HomePageController#index as HTML
  Rendering html template
  Rendered html template (0.0ms)
Completed 200 OK in 93ms (Views: 1.8ms)


Started GET "/" for 127.0.0.1 at 2017-10-15 18:48:43 -0700
Processing by HomePageController#index as HTML
  Rendering html template
  Rendered html template (0.0ms)
Completed 200 OK in 100ms (Views: 2.5ms)


Started GET "/" for 127.0.0.1 at 2017-10-15 18:59:06 -0700
Processing by HomePageController#index as HTML
  Rendering html template
  Rendered html template (0.0ms)
Completed 200 OK in 105ms (Views: 2.6ms)


Started GET "/" for 127.0.0.1 at 2017-10-15 18:59:19 -0700
Processing by HomePageController#index as HTML
  Rendering html template
  Rendered html template (0.0ms)
Completed 200 OK in 1ms (Views: 0.5ms)


Started GET "/" for 127.0.0.1 at 2017-10-15 18:59:26 -0700
Processing by HomePageController#index as HTML
  Rendering html template
  Rendered html template (0.0ms)
Completed 200 OK in 1ms (Views: 0.5ms)


Started GET "/" for 127.0.0.1 at 2017-10-15 19:26:29 -0700
Processing by HomePageController#index as HTML
  Rendering html template
  Rendered html template (0.0ms)
Completed 200 OK in 119ms (Views: 2.3ms)


Started GET "/" for 127.0.0.1 at 2017-10-15 19:27:18 -0700
Processing by HomePageController#index as HTML
  Rendering html template
  Rendered html template (0.0ms)
Completed 200 OK in 1ms (Views: 0.3ms)


Started GET "/" for 127.0.0.1 at 2017-10-15 19:30:14 -0700
Processing by HomePageController#index as HTML
  Rendering html template
  Rendered html template (0.1ms)
Completed 200 OK in 2ms (Views: 1.0ms)


Started GET "/" for 127.0.0.1 at 2017-10-15 19:30:17 -0700
Processing by HomePageController#index as HTML
  Rendering html template
  Rendered html template (0.0ms)
Completed 200 OK in 1ms (Views: 0.4ms)


Started GET "/" for 127.0.0.1 at 2017-10-15 19:37:30 -0700
Processing by HomePageController#index as HTML
  Rendering home_page/index.html.erb within layouts/application
  Rendered home_page/index.html.erb within layouts/application (0.9ms)
Completed 200 OK in 1151ms (Views: 1149.0ms)


Started GET "/" for 127.0.0.1 at 2017-10-15 19:37:40 -0700
Processing by HomePageController#index as HTML
  Rendering home_page/index.html.erb within layouts/application
  Rendered home_page/index.html.erb within layouts/application (0.4ms)
Completed 200 OK in 20ms (Views: 18.1ms)


Started GET "/" for 127.0.0.1 at 2017-10-15 19:37:41 -0700
Processing by HomePageController#index as HTML
  Rendering home_page/index.html.erb within layouts/application
  Rendered home_page/index.html.erb within layouts/application (0.3ms)
Completed 200 OK in 13ms (Views: 11.7ms)


Started GET "/" for 127.0.0.1 at 2017-10-15 19:37:42 -0700
Processing by HomePageController#index as HTML
  Rendering home_page/index.html.erb within layouts/application
  Rendered home_page/index.html.erb within layouts/application (0.3ms)
Completed 200 OK in 13ms (Views: 11.5ms)


Started GET "/" for 127.0.0.1 at 2017-10-15 19:39:11 -0700
Processing by HomePageController#index as HTML
  Rendering home_page/index.html.erb within layouts/application
  Rendered home_page/index.html.erb within layouts/application (0.3ms)
Completed 200 OK in 14ms (Views: 12.7ms)


